dcc-ultrasound-gpu-03
Fri Jul 12 14:38:53 2024       
+-----------------------------------------------------------------------------------------+
| NVIDIA-SMI 555.42.02              Driver Version: 555.42.02      CUDA Version: 12.5     |
|-----------------------------------------+------------------------+----------------------+
| GPU  Name                 Persistence-M | Bus-Id          Disp.A | Volatile Uncorr. ECC |
| Fan  Temp   Perf          Pwr:Usage/Cap |           Memory-Usage | GPU-Util  Compute M. |
|                                         |                        |               MIG M. |
|=========================================+========================+======================|
|   0  Tesla V100-PCIE-16GB           On  |   00000000:13:00.0 Off |                    0 |
| N/A   28C    P0             26W /  250W |       1MiB /  16384MiB |      0%      Default |
|                                         |                        |                  N/A |
+-----------------------------------------+------------------------+----------------------+
                                                                                         
+-----------------------------------------------------------------------------------------+
| Processes:                                                                              |
|  GPU   GI   CI        PID   Type   Process name                              GPU Memory |
|        ID   ID                                                               Usage      |
|=========================================================================================|
|  No running processes found                                                             |
+-----------------------------------------------------------------------------------------+
Using MSE loss function with naive estimator
loading data
number of fasta seq:  2368593
number of counts:  2368593
number of fasta seq:  231129
number of counts:  231129
number of fasta seq:  9
number of counts:  9
Model: "model"
_________________________________________________________________
 Layer (type)                Output Shape              Param #   
=================================================================
 input_1 (InputLayer)        [(None, 300, 4)]          0         
                                                                 
 conv1d (Conv1D)             (None, 300, 1024)         33792     
                                                                 
 batch_normalization (Batch  (None, 300, 1024)         4096      
 Normalization)                                                  
                                                                 
 activation (Activation)     (None, 300, 1024)         0         
                                                                 
 dropout (Dropout)           (None, 300, 1024)         0         
                                                                 
 conv1d_1 (Conv1D)           (None, 300, 512)          8389120   
                                                                 
 batch_normalization_1 (Bat  (None, 300, 512)          2048      
 chNormalization)                                                
                                                                 
 activation_1 (Activation)   (None, 300, 512)          0         
                                                                 
 dropout_1 (Dropout)         (None, 300, 512)          0         
                                                                 
 conv1d_2 (Conv1D)           (None, 300, 256)          4194560   
                                                                 
 batch_normalization_2 (Bat  (None, 300, 256)          1024      
 chNormalization)                                                
                                                                 
 activation_2 (Activation)   (None, 300, 256)          0         
                                                                 
 dropout_2 (Dropout)         (None, 300, 256)          0         
                                                                 
 conv1d_3 (Conv1D)           (None, 300, 128)          2097280   
                                                                 
 batch_normalization_3 (Bat  (None, 300, 128)          512       
 chNormalization)                                                
                                                                 
 activation_3 (Activation)   (None, 300, 128)          0         
                                                                 
 dropout_3 (Dropout)         (None, 300, 128)          0         
                                                                 
 conv1d_4 (Conv1D)           (None, 300, 64)           1048640   
                                                                 
 batch_normalization_4 (Bat  (None, 300, 64)           256       
 chNormalization)                                                
                                                                 
 activation_4 (Activation)   (None, 300, 64)           0         
                                                                 
 average_pooling1d (Average  (None, 1, 64)             0         
 Pooling1D)                                                      
                                                                 
 K562 (Dense)                (None, 1, 1)              65        
                                                                 
=================================================================
Total params: 15771393 (60.16 MB)
Trainable params: 15767425 (60.15 MB)
Non-trainable params: 3968 (15.50 KB)
_________________________________________________________________
Training...
Training set: (2368593, 300, 4)
Epoch 1/200
18505/18505 - 4303s - loss: 0.1003 - val_loss: 0.0924 - 4303s/epoch - 233ms/step
Epoch 2/200
18505/18505 - 4238s - loss: 0.0852 - val_loss: 0.0830 - 4238s/epoch - 229ms/step
Epoch 3/200
